<?xml version="1.0" encoding="UTF-8"?>
<Site BuildName="(empty)"
	BuildStamp="20231203-1632-Experimental"
	Name="ted-GL552VL"
	Generator="ctest-3.16.3"
	CompilerName="/usr/bin/g++"
	CompilerVersion="9.4.0"
	OSName="Linux"
	Hostname="ted-GL552VL"
	OSRelease="5.15.0-89-generic"
	OSVersion="#99~20.04.1-Ubuntu SMP Thu Nov 2 15:16:47 UTC 2023"
	OSPlatform="x86_64"
	Is64Bits="1"
	VendorString="GenuineIntel"
	VendorID="Intel Corporation"
	FamilyID="6"
	ModelID="94"
	ProcessorCacheSize="6144"
	NumberOfLogicalCPU="8"
	NumberOfPhysicalCPU="4"
	TotalVirtualMemory="28319"
	TotalPhysicalMemory="23924"
	LogicalProcessorsPerPhysical="2"
	ProcessorClockFrequency="2600"
	>
	<Testing>
		<StartDateTime>Dec 04 00:33 CST</StartDateTime>
		<StartTestTime>1701621182</StartTestTime>
		<TestList/>
		<EndDateTime>Dec 04 00:33 CST</EndDateTime>
		<EndTestTime>1701621182</EndTestTime>
		<ElapsedMinutes>0</ElapsedMinutes>
	</Testing>
</Site>
